<?xml version="1.0" encoding="UTF-8"?>
<!-- Generated by org.testng.reporters.JUnitXMLReporter -->
<testsuite hostname="DIT-Prafull" tests="0" failures="0" timestamp="20 Feb 2017 10:58:20 GMT" time="0.054" errors="0">
  <testcase name="@BeforeTest setup" time="0.0" classname="MultiBrowser.Login">
    <failure type="org.testng.TestNGException" message="
Parameter &amp;apos;browser&amp;apos; is required by @Configuration on method setup but has not been marked @Optional or defined
in E:\Projects\Heartly\testng.xml">
      <![CDATA[org.testng.TestNGException: 
Parameter 'browser' is required by @Configuration on method setup but has not been marked @Optional or defined
in E:\Projects\Heartly\testng.xml
... Removed 19 stack frames]]>
    </failure>
  </testcase> <!-- @BeforeTest setup -->
</testsuite>
